<?xml version="1.0" encoding="UTF-8"?>
<testng-results skipped="0" failed="0" ignored="0" total="3" passed="3">
  <reporter-output>
  </reporter-output>
  <suite name="Default suite" duration-ms="62" started-at="2024-03-02T16:49:15Z" finished-at="2024-03-02T16:49:15Z">
    <groups>
    </groups>
    <test name="Default test" duration-ms="62" started-at="2024-03-02T16:49:15Z" finished-at="2024-03-02T16:49:15Z">
      <class name="TestMaven.MavenTest">
        <test-method status="PASS" signature="test1()[pri:0, instance:TestMaven.MavenTest@7c16905e]" name="test1" duration-ms="16" started-at="2024-03-02T16:49:15Z" finished-at="2024-03-02T16:49:15Z">
          <reporter-output>
          </reporter-output>
        </test-method> <!-- test1 -->
        <test-method status="PASS" signature="test2()[pri:0, instance:TestMaven.MavenTest@7c16905e]" name="test2" duration-ms="0" started-at="2024-03-02T16:49:15Z" finished-at="2024-03-02T16:49:15Z">
          <reporter-output>
          </reporter-output>
        </test-method> <!-- test2 -->
        <test-method status="PASS" signature="test3()[pri:0, instance:TestMaven.MavenTest@7c16905e]" name="test3" duration-ms="0" started-at="2024-03-02T16:49:15Z" finished-at="2024-03-02T16:49:15Z">
          <reporter-output>
          </reporter-output>
        </test-method> <!-- test3 -->
      </class> <!-- TestMaven.MavenTest -->
    </test> <!-- Default test -->
  </suite> <!-- Default suite -->
</testng-results>
